{
  "stats": {
    "suites": 1,
    "tests": 1,
    "passes": 1,
    "pending": 0,
    "failures": 0,
    "start": "2019-06-30T09:14:23.445Z",
    "end": "2019-06-30T09:14:23.486Z",
    "duration": 41,
    "testsRegistered": 1,
    "passPercent": 100,
    "pendingPercent": 0,
    "other": 0,
    "hasOther": false,
    "skipped": 0,
    "hasSkipped": false
  },
  "results": [
    {
      "uuid": "2df33c28-21e1-485b-bba4-1d7a811a52fa",
      "title": "",
      "fullFile": "",
      "file": "",
      "beforeHooks": [],
      "afterHooks": [],
      "tests": [],
      "suites": [
        {
          "uuid": "e4780a10-df11-4b1c-a787-a29b0004d112",
          "title": "接口",
          "fullFile": "C:\\work\\web\\yideng\\test\\service\\router.spec.js",
          "file": "\\service\\router.spec.js",
          "beforeHooks": [],
          "afterHooks": [],
          "tests": [
            {
              "title": "test接口",
              "fullTitle": "接口 test接口",
              "timedOut": false,
              "duration": 23,
              "state": "passed",
              "speed": "fast",
              "pass": true,
              "fail": false,
              "pending": false,
              "context": null,
              "code": "request(app).get('/test')\n  .expect('Content-Type', /json/)\n  .expect(200)\n  .end(function(err, res) {\n    if (err) return done(err)\n    if (res.body.data === 'hello world') {\n      done()\n    } else {\n      done(new Error('接口数据错误'))\n    }\n  })",
              "err": {},
              "uuid": "ba348c48-235c-4cf0-b9f9-fb00d279dfb5",
              "parentUUID": "e4780a10-df11-4b1c-a787-a29b0004d112",
              "isHook": false,
              "skipped": false
            }
          ],
          "suites": [],
          "passes": [
            "ba348c48-235c-4cf0-b9f9-fb00d279dfb5"
          ],
          "failures": [],
          "pending": [],
          "skipped": [],
          "duration": 23,
          "root": false,
          "rootEmpty": false,
          "_timeout": 2000
        }
      ],
      "passes": [],
      "failures": [],
      "pending": [],
      "skipped": [],
      "duration": 0,
      "root": true,
      "rootEmpty": true,
      "_timeout": 2000
    }
  ],
  "meta": {
    "mocha": {
      "version": "6.1.4"
    },
    "mochawesome": {
      "options": {
        "quiet": false,
        "reportFilename": "mochawesome",
        "saveHtml": true,
        "saveJson": true,
        "useInlineDiffs": false
      },
      "version": "4.0.1"
    },
    "marge": {
      "options": {
        "reportDir": "./docs/mochawesome-report"
      },
      "version": "4.0.0"
    }
  }
}