{
  "stats": {
    "suites": 1,
    "tests": 1,
    "passes": 1,
    "pending": 0,
    "failures": 0,
    "start": "2019-06-29T04:17:00.759Z",
    "end": "2019-06-29T04:17:00.787Z",
    "duration": 28,
    "testsRegistered": 1,
    "passPercent": 100,
    "pendingPercent": 0,
    "other": 0,
    "hasOther": false,
    "skipped": 0,
    "hasSkipped": false
  },
  "results": [
    {
      "uuid": "c9177af7-d894-471e-8db9-29b4a4339027",
      "title": "",
      "fullFile": "",
      "file": "",
      "beforeHooks": [],
      "afterHooks": [],
      "tests": [],
      "suites": [
        {
          "uuid": "6b872bd1-798b-4bf0-a1ff-6dd6332b32b3",
          "title": "接口",
          "fullFile": "C:\\work\\web\\yideng\\test\\service\\router.spec.js",
          "file": "\\service\\router.spec.js",
          "beforeHooks": [],
          "afterHooks": [],
          "tests": [
            {
              "title": "test接口",
              "fullTitle": "接口 test接口",
              "timedOut": false,
              "duration": 21,
              "state": "passed",
              "speed": "fast",
              "pass": true,
              "fail": false,
              "pending": false,
              "context": null,
              "code": "axios.get('http://localhost:3000/test')\n  .then(function(res) {\n    if(res.data.data === 'hello world') {\n      done()\n    } else {\n      done(new Error('数据请求错误'))\n    }\n  })\n  .catch(function(error) {\n    done(error)\n  })",
              "err": {},
              "uuid": "fadf0add-10ea-4335-9d00-ab1638fbbdaf",
              "parentUUID": "6b872bd1-798b-4bf0-a1ff-6dd6332b32b3",
              "isHook": false,
              "skipped": false
            }
          ],
          "suites": [],
          "passes": [
            "fadf0add-10ea-4335-9d00-ab1638fbbdaf"
          ],
          "failures": [],
          "pending": [],
          "skipped": [],
          "duration": 21,
          "root": false,
          "rootEmpty": false,
          "_timeout": 2000
        }
      ],
      "passes": [],
      "failures": [],
      "pending": [],
      "skipped": [],
      "duration": 0,
      "root": true,
      "rootEmpty": true,
      "_timeout": 2000
    }
  ],
  "meta": {
    "mocha": {
      "version": "6.1.4"
    },
    "mochawesome": {
      "options": {
        "quiet": false,
        "reportFilename": "mochawesome",
        "saveHtml": true,
        "saveJson": true,
        "useInlineDiffs": false
      },
      "version": "4.0.1"
    },
    "marge": {
      "options": {
        "reportDir": "./docs/mochawesome-report"
      },
      "version": "4.0.0"
    }
  }
}